<?xml version="1.0" encoding="UTF-8"?>
<testsuite name="ShoppingCartTest" tests="1" skipped="0" failures="0" errors="0" timestamp="2021-12-30T16:05:57" hostname="DESKTOP-F3OU4BV" time="0.061">
  <properties/>
  <testcase name="formatTicket()" classname="ShoppingCartTest" time="0.061"/>
  <system-out><![CDATA[]]></system-out>
  <system-err><![CDATA[]]></system-err>
</testsuite>
